Using pre-set license
Built from 'HEAD' branch; Version is '2021.3.16f1c1 (56dbfdd6697f) revision 5692413'; Using compiler version '192829333'; Build Type 'Release'
OS: 'Windows 11  (10.0.23590) 64bit Professional' Language: 'zh' Physical Memory: 31895 MB
BatchMode: 1, IsHumanControllingUs: 0, StartBugReporterOnCrash: 0, Is64bit: 1, IsPro: 1

COMMAND LINE ARGUMENTS:
C:\Program Files\Unity\Hub\Editor\2021.3.16f1c1\Editor\Unity.exe
-adb2
-batchMode
-noUpm
-name
AssetImportWorker2
-projectPath
E:/_Study/_Projects/22222/_222_GF_StarForce
-logFile
Logs/AssetImportWorker2.log
-srvPort
2307
Successfully changed project path to: E:/_Study/_Projects/22222/_222_GF_StarForce
E:/_Study/_Projects/22222/_222_GF_StarForce
[UnityMemory] Configuration Parameters - Can be set up in boot.config
    "memorysetup-bucket-allocator-granularity=16"
    "memorysetup-bucket-allocator-bucket-count=8"
    "memorysetup-bucket-allocator-block-size=33554432"
    "memorysetup-bucket-allocator-block-count=8"
    "memorysetup-main-allocator-block-size=16777216"
    "memorysetup-thread-allocator-block-size=16777216"
    "memorysetup-gfx-main-allocator-block-size=16777216"
    "memorysetup-gfx-thread-allocator-block-size=16777216"
    "memorysetup-cache-allocator-block-size=4194304"
    "memorysetup-typetree-allocator-block-size=2097152"
    "memorysetup-profiler-bucket-allocator-granularity=16"
    "memorysetup-profiler-bucket-allocator-bucket-count=8"
    "memorysetup-profiler-bucket-allocator-block-size=33554432"
    "memorysetup-profiler-bucket-allocator-block-count=8"
    "memorysetup-profiler-allocator-block-size=16777216"
    "memorysetup-profiler-editor-allocator-block-size=1048576"
    "memorysetup-temp-allocator-size-main=16777216"
    "memorysetup-job-temp-allocator-block-size=2097152"
    "memorysetup-job-temp-allocator-block-size-background=1048576"
    "memorysetup-job-temp-allocator-reduction-small-platforms=262144"
    "memorysetup-temp-allocator-size-background-worker=32768"
    "memorysetup-temp-allocator-size-job-worker=262144"
    "memorysetup-temp-allocator-size-preload-manager=33554432"
    "memorysetup-temp-allocator-size-nav-mesh-worker=65536"
    "memorysetup-temp-allocator-size-audio-worker=65536"
    "memorysetup-temp-allocator-size-cloud-worker=32768"
    "memorysetup-temp-allocator-size-gi-baking-worker=262144"
    "memorysetup-temp-allocator-size-gfx=262144"
Player connection [22372] Host "[IP] 192.168.1.106 [Port] 0 [Flags] 2 [Guid] 3195668380 [EditorId] 3195668380 [Version] 1048832 [Id] WindowsEditor(7,DESKTOP-VHD4Q0G) [Debug] 1 [PackageName] WindowsEditor [ProjectName] Editor" joined multi-casting on [225.0.0.222:54997]...

Player connection [22372] Host "[IP] 192.168.1.106 [Port] 0 [Flags] 2 [Guid] 3195668380 [EditorId] 3195668380 [Version] 1048832 [Id] WindowsEditor(7,DESKTOP-VHD4Q0G) [Debug] 1 [PackageName] WindowsEditor [ProjectName] Editor" joined alternative multi-casting on [225.0.0.222:34997]...

AS: AutoStreaming module initializing.
Refreshing native plugins compatible for Editor in 53.25 ms, found 3 plugins.
Preloading 0 native plugins for Editor in 0.00 ms.
Initialize engine version: 2021.3.16f1c1 (56dbfdd6697f)
[Subsystems] Discovering subsystems at path C:/Program Files/Unity/Hub/Editor/2021.3.16f1c1/Editor/Data/Resources/UnitySubsystems
[Subsystems] Discovering subsystems at path E:/_Study/_Projects/22222/_222_GF_StarForce/Assets
GfxDevice: creating device client; threaded=0; jobified=0
Direct3D:
    Version:  Direct3D 11.0 [level 11.1]
    Renderer: NVIDIA GeForce RTX 3080 (ID=0x2206)
    Vendor:   NVIDIA
    VRAM:     10067 MB
    Driver:   31.0.15.5009
Initialize mono
Mono path[0] = 'C:/Program Files/Unity/Hub/Editor/2021.3.16f1c1/Editor/Data/Managed'
Mono path[1] = 'C:/Program Files/Unity/Hub/Editor/2021.3.16f1c1/Editor/Data/MonoBleedingEdge/lib/mono/unityjit-win32'
Mono config path = 'C:/Program Files/Unity/Hub/Editor/2021.3.16f1c1/Editor/Data/MonoBleedingEdge/etc'
Using monoOptions --debugger-agent=transport=dt_socket,embedding=1,server=y,suspend=n,address=127.0.0.1:56116
Begin MonoManager ReloadAssembly
Registering precompiled unity dll's ...
Register platform support module: C:/Program Files/Unity/Hub/Editor/2021.3.16f1c1/Editor/Data/PlaybackEngines/AndroidPlayer/UnityEditor.Android.Extensions.dll
Register platform support module: C:/Program Files/Unity/Hub/Editor/2021.3.16f1c1/Editor/Data/PlaybackEngines/iOSSupport/UnityEditor.iOS.Extensions.dll
Register platform support module: C:/Program Files/Unity/Hub/Editor/2021.3.16f1c1/Editor/Data/PlaybackEngines/WindowsStandaloneSupport/UnityEditor.WindowsStandalone.Extensions.dll
Registered in 0.008204 seconds.
Native extension for WindowsStandalone target not found
[usbmuxd] Start listen thread
[usbmuxd] Listen thread started
[usbmuxd] Send listen message
Native extension for iOS target not found
Native extension for Android target not found
Refreshing native plugins compatible for Editor in 46.46 ms, found 3 plugins.
Preloading 0 native plugins for Editor in 0.00 ms.
Mono: successfully reloaded assembly
- Completed reload, in  0.546 seconds
Domain Reload Profiling:
	ReloadAssembly (547ms)
		BeginReloadAssembly (80ms)
			ExecutionOrderSort (0ms)
			DisableScriptedObjects (0ms)
			BackupInstance (0ms)
			ReleaseScriptingObjects (0ms)
			CreateAndSetChildDomain (1ms)
		EndReloadAssembly (362ms)
			LoadAssemblies (76ms)
			RebuildTransferFunctionScriptingTraits (0ms)
			SetupTypeCache (92ms)
			ReleaseScriptCaches (0ms)
			RebuildScriptCaches (20ms)
			SetupLoadedEditorAssemblies (206ms)
				LogAssemblyErrors (0ms)
				InitializePlatformSupportModulesInManaged (55ms)
				SetLoadedEditorAssemblies (0ms)
				RefreshPlugins (47ms)
				BeforeProcessingInitializeOnLoad (1ms)
				ProcessInitializeOnLoadAttributes (67ms)
				ProcessInitializeOnLoadMethodAttributes (37ms)
				AfterProcessingInitializeOnLoad (0ms)
				EditorAssembliesLoaded (0ms)
			ExecutionOrderSort2 (0ms)
			AwakeInstancesAfterBackupRestoration (0ms)
Platform modules already initialized, skipping
Registering precompiled user dll's ...
Registered in 0.010339 seconds.
Begin MonoManager ReloadAssembly
Symbol file LoadedFromMemory doesn't match image E:\_Study\_Projects\22222\_222_GF_StarForce\Library\PackageCache\com.unity.visualscripting@1.7.8\Editor\VisualScripting.Core\Dependencies\YamlDotNet\Unity.VisualScripting.YamlDotNet.dll
Symbol file LoadedFromMemory doesn't match image E:\_Study\_Projects\22222\_222_GF_StarForce\Library\PackageCache\com.unity.visualscripting@1.7.8\Editor\VisualScripting.Core\Dependencies\DotNetZip\Unity.VisualScripting.IonicZip.dll
Native extension for WindowsStandalone target not found
Native extension for iOS target not found
Native extension for Android target not found
Refreshing native plugins compatible for Editor in 0.55 ms, found 3 plugins.
Preloading 0 native plugins for Editor in 0.00 ms.
Mono: successfully reloaded assembly
- Completed reload, in  0.897 seconds
Domain Reload Profiling:
	ReloadAssembly (898ms)
		BeginReloadAssembly (291ms)
			ExecutionOrderSort (0ms)
			DisableScriptedObjects (3ms)
			BackupInstance (0ms)
			ReleaseScriptingObjects (0ms)
			CreateAndSetChildDomain (229ms)
		EndReloadAssembly (533ms)
			LoadAssemblies (58ms)
			RebuildTransferFunctionScriptingTraits (0ms)
			SetupTypeCache (170ms)
			ReleaseScriptCaches (0ms)
			RebuildScriptCaches (34ms)
			SetupLoadedEditorAssemblies (235ms)
				LogAssemblyErrors (0ms)
				InitializePlatformSupportModulesInManaged (16ms)
				SetLoadedEditorAssemblies (0ms)
				RefreshPlugins (1ms)
				BeforeProcessingInitializeOnLoad (50ms)
				ProcessInitializeOnLoadAttributes (143ms)
				ProcessInitializeOnLoadMethodAttributes (16ms)
				AfterProcessingInitializeOnLoad (10ms)
				EditorAssembliesLoaded (0ms)
			ExecutionOrderSort2 (0ms)
			AwakeInstancesAfterBackupRestoration (8ms)
Platform modules already initialized, skipping
========================================================================
Worker process is ready to serve import requests
Launched and connected shader compiler UnityShaderCompiler.exe after 0.06 seconds
Refreshing native plugins compatible for Editor in 0.89 ms, found 3 plugins.
Preloading 0 native plugins for Editor in 0.00 ms.
Unloading 3649 Unused Serialized files (Serialized files now loaded: 0)
Unloading 28 unused Assets / (56.1 KB). Loaded Objects now: 4111.
Memory consumption went from 122.4 MB to 122.3 MB.
Total: 2.273200 ms (FindLiveObjects: 0.203300 ms CreateObjectMapping: 0.050500 ms MarkObjects: 1.968200 ms  DeleteObjects: 0.050400 ms)

AssetImportParameters requested are different than current active one (requested -> active):
  custom:video-decoder-ogg-theora: a1e56fd34408186e4bbccfd4996cb3dc -> 
  custom:container-muxer-webm: aa71ff27fc2769a1b78a27578f13a17b -> 
  custom:container-demuxer-webm: 4f35f7cbe854078d1ac9338744f61a02 -> 
  custom:video-encoder-webm-vp8: eb34c28f22e8b96e1ab97ce403110664 -> 
  custom:video-codec-MediaFoundation-h265: 746d11721c4dcdbdad8f713fa42b33f4 -> 
  custom:audio-encoder-webm-vorbis: bf7c407c2cedff20999df2af8eb42d56 -> 
  custom:framework-win-MediaFoundation: 216162199b28c13a410421893ffa2e32 -> 
  custom:container-demuxer-ogg: 62fdf1f143b41e24485cea50d1cbac27 -> 
  custom:video-decoder-webm-vp8: 9c59270c3fd7afecdb556c50c9e8de78 -> 
  custom:audio-decoder-ogg-vorbis: bf7c407c2cedff20999df2af8eb42d56 -> 
========================================================================
Received Import Request.
  Time since last request: 1099.272781 seconds.
  path: Assets/GameMain/Scripts/BuiltinData
  artifactKey: Guid(33ba0562010e2da46883baefb271f573) Importer(815301076,1909f56bfc062723c751e8b465ee728b)
Start importing Assets/GameMain/Scripts/BuiltinData using Guid(33ba0562010e2da46883baefb271f573) Importer(815301076,1909f56bfc062723c751e8b465ee728b)  -> (artifact id: 'c6f4602ced691ed6d00c5a91ea511d78') in 0.007890 seconds 
========================================================================
Received Import Request.
  Time since last request: 0.144996 seconds.
  path: Assets/GameMain/Scripts/DataTable
  artifactKey: Guid(35199cfd0c69c8c42895c16263b21b7b) Importer(815301076,1909f56bfc062723c751e8b465ee728b)
Start importing Assets/GameMain/Scripts/DataTable using Guid(35199cfd0c69c8c42895c16263b21b7b) Importer(815301076,1909f56bfc062723c751e8b465ee728b)  -> (artifact id: 'edcfb8f8f965fe5e9161520852d26c1b') in 0.001629 seconds 
========================================================================
Received Import Request.
  Time since last request: 0.104072 seconds.
  path: Assets/GameMain/Scripts/Debugger
  artifactKey: Guid(5479812568543994bbbcdbee6c42fce1) Importer(815301076,1909f56bfc062723c751e8b465ee728b)
Start importing Assets/GameMain/Scripts/Debugger using Guid(5479812568543994bbbcdbee6c42fce1) Importer(815301076,1909f56bfc062723c751e8b465ee728b)  -> (artifact id: 'e3517f5b46988da96de2ce2a9a20f180') in 0.001764 seconds 
========================================================================
Received Import Request.
  Time since last request: 0.488919 seconds.
  path: Assets/GameMain/Scripts/Definition
  artifactKey: Guid(2d30f1c0886d45b40b4497064082c7f1) Importer(815301076,1909f56bfc062723c751e8b465ee728b)
Start importing Assets/GameMain/Scripts/Definition using Guid(2d30f1c0886d45b40b4497064082c7f1) Importer(815301076,1909f56bfc062723c751e8b465ee728b)  -> (artifact id: '9c64c207659c17cf2090693904343728') in 0.002075 seconds 
========================================================================
Received Import Request.
  Time since last request: 0.043913 seconds.
  path: Assets/GameMain/Scripts/Editor
  artifactKey: Guid(7330dc72b718ca14ea10a999060be9f8) Importer(815301076,1909f56bfc062723c751e8b465ee728b)
Start importing Assets/GameMain/Scripts/Editor using Guid(7330dc72b718ca14ea10a999060be9f8) Importer(815301076,1909f56bfc062723c751e8b465ee728b)  -> (artifact id: '08e37de1b8c954582302afcb0cd29477') in 0.001809 seconds 
========================================================================
Received Import Request.
  Time since last request: 0.041849 seconds.
  path: Assets/GameMain/Scripts/Entity
  artifactKey: Guid(f7c4b051e63f0c2418a55e8817bf4ba9) Importer(815301076,1909f56bfc062723c751e8b465ee728b)
Start importing Assets/GameMain/Scripts/Entity using Guid(f7c4b051e63f0c2418a55e8817bf4ba9) Importer(815301076,1909f56bfc062723c751e8b465ee728b)  -> (artifact id: '79880b36f5363aa1a76f94f7338cf599') in 0.001647 seconds 
========================================================================
Received Import Request.
  Time since last request: 0.032236 seconds.
  path: Assets/GameMain/Scripts/Game
  artifactKey: Guid(9bee40c502ee2bf40875a8c75845023a) Importer(815301076,1909f56bfc062723c751e8b465ee728b)
Start importing Assets/GameMain/Scripts/Game using Guid(9bee40c502ee2bf40875a8c75845023a) Importer(815301076,1909f56bfc062723c751e8b465ee728b)  -> (artifact id: '4449c42cedf507d5562f8a53007e3e2e') in 0.001554 seconds 
========================================================================
Received Import Request.
  Time since last request: 0.026408 seconds.
  path: Assets/GameMain/Scripts/HPBar
  artifactKey: Guid(f75cb14d28565904e89eb5765829c210) Importer(815301076,1909f56bfc062723c751e8b465ee728b)
Start importing Assets/GameMain/Scripts/HPBar using Guid(f75cb14d28565904e89eb5765829c210) Importer(815301076,1909f56bfc062723c751e8b465ee728b)  -> (artifact id: '4b48e7b6ef8d10a0f9c4f5c6aa7f82df') in 0.001801 seconds 
========================================================================
Received Import Request.
  Time since last request: 0.025074 seconds.
  path: Assets/GameMain/Scripts/Localization
  artifactKey: Guid(e0da7117df4943347ad5ceaff9f70602) Importer(815301076,1909f56bfc062723c751e8b465ee728b)
Start importing Assets/GameMain/Scripts/Localization using Guid(e0da7117df4943347ad5ceaff9f70602) Importer(815301076,1909f56bfc062723c751e8b465ee728b)  -> (artifact id: 'aeb749d9303c0d53032b4a77a818e9de') in 0.001404 seconds 
========================================================================
Received Import Request.
  Time since last request: 0.043605 seconds.
  path: Assets/GameMain/Scripts/Network
  artifactKey: Guid(592f0282ee9175f489b89f82c448c9f5) Importer(815301076,1909f56bfc062723c751e8b465ee728b)
Start importing Assets/GameMain/Scripts/Network using Guid(592f0282ee9175f489b89f82c448c9f5) Importer(815301076,1909f56bfc062723c751e8b465ee728b)  -> (artifact id: 'cf5cdf80fc5c670c2f6cb3cc91c2e7ac') in 0.001859 seconds 
========================================================================
Received Import Request.
  Time since last request: 0.028858 seconds.
  path: Assets/GameMain/Scripts/Procedure
  artifactKey: Guid(e0ce46cb3f5acf04782d825b4ea2e51d) Importer(815301076,1909f56bfc062723c751e8b465ee728b)
Start importing Assets/GameMain/Scripts/Procedure using Guid(e0ce46cb3f5acf04782d825b4ea2e51d) Importer(815301076,1909f56bfc062723c751e8b465ee728b)  -> (artifact id: '52a96522350d89f369ca2a89203fee69') in 0.001691 seconds 
========================================================================
Received Import Request.
  Time since last request: 0.295037 seconds.
  path: Assets/GameMain/Scripts/Scene
  artifactKey: Guid(2ff69ece58f4d3f4e8cf9a40f813e745) Importer(815301076,1909f56bfc062723c751e8b465ee728b)
Start importing Assets/GameMain/Scripts/Scene using Guid(2ff69ece58f4d3f4e8cf9a40f813e745) Importer(815301076,1909f56bfc062723c751e8b465ee728b)  -> (artifact id: '0a3f968393973d8246f70e2cb3cf947c') in 0.001797 seconds 
========================================================================
Received Import Request.
  Time since last request: 0.132826 seconds.
  path: Assets/GameMain/Scripts/Sound
  artifactKey: Guid(7711a5b2487374145a58d50ca351612b) Importer(815301076,1909f56bfc062723c751e8b465ee728b)
Start importing Assets/GameMain/Scripts/Sound using Guid(7711a5b2487374145a58d50ca351612b) Importer(815301076,1909f56bfc062723c751e8b465ee728b)  -> (artifact id: 'cf58dfd3a5aa2b1ba42dfb3a6623c733') in 0.001654 seconds 
========================================================================
Received Import Request.
  Time since last request: 0.528942 seconds.
  path: Assets/GameMain/Scripts/UI
  artifactKey: Guid(5aa568bd1f2753a46afdf823c50eb582) Importer(815301076,1909f56bfc062723c751e8b465ee728b)
Start importing Assets/GameMain/Scripts/UI using Guid(5aa568bd1f2753a46afdf823c50eb582) Importer(815301076,1909f56bfc062723c751e8b465ee728b)  -> (artifact id: '5330fc2c0418830e3bbc28e721a54c08') in 0.001924 seconds 
========================================================================
Received Import Request.
  Time since last request: 1.056737 seconds.
  path: Assets/GameMain/Scripts/Utility
  artifactKey: Guid(3a583cb744be34a4296ffb9991ab67e5) Importer(815301076,1909f56bfc062723c751e8b465ee728b)
Start importing Assets/GameMain/Scripts/Utility using Guid(3a583cb744be34a4296ffb9991ab67e5) Importer(815301076,1909f56bfc062723c751e8b465ee728b)  -> (artifact id: '38f015421e7669f9fd54fdd96f41ee3d') in 0.001727 seconds 
========================================================================
Received Import Request.
  Time since last request: 241.162993 seconds.
  path: Assets/GameMain/Textures
  artifactKey: Guid(b6bf7b146c8c12648999ab2665b6c738) Importer(815301076,1909f56bfc062723c751e8b465ee728b)
Start importing Assets/GameMain/Textures using Guid(b6bf7b146c8c12648999ab2665b6c738) Importer(815301076,1909f56bfc062723c751e8b465ee728b)  -> (artifact id: 'e4175e9a9b9280068dd4bc5a86e2441f') in 0.001984 seconds 
========================================================================
Received Import Request.
  Time since last request: 58.442200 seconds.
  path: Assets/GameMain/Scripts/Base/GameEntry.cs
  artifactKey: Guid(3d09b8a3e8c0e7e4dbcfd2fa52bf69ea) Importer(815301076,1909f56bfc062723c751e8b465ee728b)
Start importing Assets/GameMain/Scripts/Base/GameEntry.cs using Guid(3d09b8a3e8c0e7e4dbcfd2fa52bf69ea) Importer(815301076,1909f56bfc062723c751e8b465ee728b)  -> (artifact id: 'd5d3d8aca55923f42e71e19de30f875b') in 0.020654 seconds 
========================================================================
Received Import Request.
  Time since last request: 323.865399 seconds.
  path: Assets/GameMain/Scripts/Base/GameEntry.Builtin.cs
  artifactKey: Guid(98387342fa09ebd46a2ab54100d80c2f) Importer(815301076,1909f56bfc062723c751e8b465ee728b)
Start importing Assets/GameMain/Scripts/Base/GameEntry.Builtin.cs using Guid(98387342fa09ebd46a2ab54100d80c2f) Importer(815301076,1909f56bfc062723c751e8b465ee728b)  -> (artifact id: 'fc34f2f879cdd7c253e82f63c908454d') in 0.001774 seconds 
========================================================================
Received Import Request.
  Time since last request: 1078.353734 seconds.
  path: Assets/GameMain/Scripts/Base/GameEntry.Custom.cs
  artifactKey: Guid(f95ee7b97daca3f44a2f5cf743bb39ac) Importer(815301076,1909f56bfc062723c751e8b465ee728b)
Start importing Assets/GameMain/Scripts/Base/GameEntry.Custom.cs using Guid(f95ee7b97daca3f44a2f5cf743bb39ac) Importer(815301076,1909f56bfc062723c751e8b465ee728b)  -> (artifact id: '4497376fd2334852a7adb4ba516ee153') in 0.001747 seconds 
