Using pre-set license
Built from 'HEAD' branch; Version is '2021.3.16f1c1 (56dbfdd6697f) revision 5692413'; Using compiler version '192829333'; Build Type 'Release'
OS: 'Windows 11  (10.0.23590) 64bit Professional' Language: 'zh' Physical Memory: 31895 MB
BatchMode: 1, IsHumanControllingUs: 0, StartBugReporterOnCrash: 0, Is64bit: 1, IsPro: 1

COMMAND LINE ARGUMENTS:
C:\Program Files\Unity\Hub\Editor\2021.3.16f1c1\Editor\Unity.exe
-adb2
-batchMode
-noUpm
-name
AssetImportWorker1
-projectPath
E:/_Study/_Projects/22222/_222_GF_StarForce
-logFile
Logs/AssetImportWorker1.log
-srvPort
2307
Successfully changed project path to: E:/_Study/_Projects/22222/_222_GF_StarForce
E:/_Study/_Projects/22222/_222_GF_StarForce
[UnityMemory] Configuration Parameters - Can be set up in boot.config
    "memorysetup-bucket-allocator-granularity=16"
    "memorysetup-bucket-allocator-bucket-count=8"
    "memorysetup-bucket-allocator-block-size=33554432"
    "memorysetup-bucket-allocator-block-count=8"
    "memorysetup-main-allocator-block-size=16777216"
    "memorysetup-thread-allocator-block-size=16777216"
    "memorysetup-gfx-main-allocator-block-size=16777216"
    "memorysetup-gfx-thread-allocator-block-size=16777216"
    "memorysetup-cache-allocator-block-size=4194304"
    "memorysetup-typetree-allocator-block-size=2097152"
    "memorysetup-profiler-bucket-allocator-granularity=16"
    "memorysetup-profiler-bucket-allocator-bucket-count=8"
    "memorysetup-profiler-bucket-allocator-block-size=33554432"
    "memorysetup-profiler-bucket-allocator-block-count=8"
    "memorysetup-profiler-allocator-block-size=16777216"
    "memorysetup-profiler-editor-allocator-block-size=1048576"
    "memorysetup-temp-allocator-size-main=16777216"
    "memorysetup-job-temp-allocator-block-size=2097152"
    "memorysetup-job-temp-allocator-block-size-background=1048576"
    "memorysetup-job-temp-allocator-reduction-small-platforms=262144"
    "memorysetup-temp-allocator-size-background-worker=32768"
    "memorysetup-temp-allocator-size-job-worker=262144"
    "memorysetup-temp-allocator-size-preload-manager=33554432"
    "memorysetup-temp-allocator-size-nav-mesh-worker=65536"
    "memorysetup-temp-allocator-size-audio-worker=65536"
    "memorysetup-temp-allocator-size-cloud-worker=32768"
    "memorysetup-temp-allocator-size-gi-baking-worker=262144"
    "memorysetup-temp-allocator-size-gfx=262144"
Player connection [10628] Host "[IP] 192.168.1.106 [Port] 0 [Flags] 2 [Guid] 1635065343 [EditorId] 1635065343 [Version] 1048832 [Id] WindowsEditor(7,DESKTOP-VHD4Q0G) [Debug] 1 [PackageName] WindowsEditor [ProjectName] Editor" joined multi-casting on [225.0.0.222:54997]...

Player connection [10628] Host "[IP] 192.168.1.106 [Port] 0 [Flags] 2 [Guid] 1635065343 [EditorId] 1635065343 [Version] 1048832 [Id] WindowsEditor(7,DESKTOP-VHD4Q0G) [Debug] 1 [PackageName] WindowsEditor [ProjectName] Editor" joined alternative multi-casting on [225.0.0.222:34997]...

AS: AutoStreaming module initializing.
Refreshing native plugins compatible for Editor in 47.17 ms, found 3 plugins.
Preloading 0 native plugins for Editor in 0.00 ms.
Initialize engine version: 2021.3.16f1c1 (56dbfdd6697f)
[Subsystems] Discovering subsystems at path C:/Program Files/Unity/Hub/Editor/2021.3.16f1c1/Editor/Data/Resources/UnitySubsystems
[Subsystems] Discovering subsystems at path E:/_Study/_Projects/22222/_222_GF_StarForce/Assets
GfxDevice: creating device client; threaded=0; jobified=0
Direct3D:
    Version:  Direct3D 11.0 [level 11.1]
    Renderer: NVIDIA GeForce RTX 3080 (ID=0x2206)
    Vendor:   NVIDIA
    VRAM:     10067 MB
    Driver:   31.0.15.5009
Initialize mono
Mono path[0] = 'C:/Program Files/Unity/Hub/Editor/2021.3.16f1c1/Editor/Data/Managed'
Mono path[1] = 'C:/Program Files/Unity/Hub/Editor/2021.3.16f1c1/Editor/Data/MonoBleedingEdge/lib/mono/unityjit-win32'
Mono config path = 'C:/Program Files/Unity/Hub/Editor/2021.3.16f1c1/Editor/Data/MonoBleedingEdge/etc'
Using monoOptions --debugger-agent=transport=dt_socket,embedding=1,server=y,suspend=n,address=127.0.0.1:56892
Begin MonoManager ReloadAssembly
Registering precompiled unity dll's ...
Register platform support module: C:/Program Files/Unity/Hub/Editor/2021.3.16f1c1/Editor/Data/PlaybackEngines/AndroidPlayer/UnityEditor.Android.Extensions.dll
Register platform support module: C:/Program Files/Unity/Hub/Editor/2021.3.16f1c1/Editor/Data/PlaybackEngines/iOSSupport/UnityEditor.iOS.Extensions.dll
Register platform support module: C:/Program Files/Unity/Hub/Editor/2021.3.16f1c1/Editor/Data/PlaybackEngines/WindowsStandaloneSupport/UnityEditor.WindowsStandalone.Extensions.dll
Registered in 0.007315 seconds.
Native extension for WindowsStandalone target not found
[usbmuxd] Start listen thread
[usbmuxd] Listen thread started
[usbmuxd] Send listen message
Native extension for iOS target not found
Native extension for Android target not found
Refreshing native plugins compatible for Editor in 48.42 ms, found 3 plugins.
Preloading 0 native plugins for Editor in 0.00 ms.
Mono: successfully reloaded assembly
- Completed reload, in  0.524 seconds
Domain Reload Profiling:
	ReloadAssembly (525ms)
		BeginReloadAssembly (74ms)
			ExecutionOrderSort (0ms)
			DisableScriptedObjects (0ms)
			BackupInstance (0ms)
			ReleaseScriptingObjects (0ms)
			CreateAndSetChildDomain (0ms)
		EndReloadAssembly (362ms)
			LoadAssemblies (71ms)
			RebuildTransferFunctionScriptingTraits (0ms)
			SetupTypeCache (90ms)
			ReleaseScriptCaches (0ms)
			RebuildScriptCaches (19ms)
			SetupLoadedEditorAssemblies (206ms)
				LogAssemblyErrors (0ms)
				InitializePlatformSupportModulesInManaged (46ms)
				SetLoadedEditorAssemblies (0ms)
				RefreshPlugins (49ms)
				BeforeProcessingInitializeOnLoad (1ms)
				ProcessInitializeOnLoadAttributes (67ms)
				ProcessInitializeOnLoadMethodAttributes (42ms)
				AfterProcessingInitializeOnLoad (0ms)
				EditorAssembliesLoaded (0ms)
			ExecutionOrderSort2 (0ms)
			AwakeInstancesAfterBackupRestoration (0ms)
Platform modules already initialized, skipping
Registering precompiled user dll's ...
Registered in 0.010974 seconds.
Begin MonoManager ReloadAssembly
Symbol file LoadedFromMemory doesn't match image E:\_Study\_Projects\22222\_222_GF_StarForce\Library\PackageCache\com.unity.visualscripting@1.7.8\Editor\VisualScripting.Core\Dependencies\YamlDotNet\Unity.VisualScripting.YamlDotNet.dll
Symbol file LoadedFromMemory doesn't match image E:\_Study\_Projects\22222\_222_GF_StarForce\Library\PackageCache\com.unity.visualscripting@1.7.8\Editor\VisualScripting.Core\Dependencies\DotNetZip\Unity.VisualScripting.IonicZip.dll
Native extension for WindowsStandalone target not found
Native extension for iOS target not found
Native extension for Android target not found
Refreshing native plugins compatible for Editor in 0.77 ms, found 3 plugins.
Preloading 0 native plugins for Editor in 0.00 ms.
Mono: successfully reloaded assembly
- Completed reload, in  0.807 seconds
Domain Reload Profiling:
	ReloadAssembly (808ms)
		BeginReloadAssembly (77ms)
			ExecutionOrderSort (0ms)
			DisableScriptedObjects (4ms)
			BackupInstance (0ms)
			ReleaseScriptingObjects (0ms)
			CreateAndSetChildDomain (15ms)
		EndReloadAssembly (655ms)
			LoadAssemblies (63ms)
			RebuildTransferFunctionScriptingTraits (0ms)
			SetupTypeCache (210ms)
			ReleaseScriptCaches (1ms)
			RebuildScriptCaches (45ms)
			SetupLoadedEditorAssemblies (278ms)
				LogAssemblyErrors (0ms)
				InitializePlatformSupportModulesInManaged (21ms)
				SetLoadedEditorAssemblies (0ms)
				RefreshPlugins (1ms)
				BeforeProcessingInitializeOnLoad (57ms)
				ProcessInitializeOnLoadAttributes (170ms)
				ProcessInitializeOnLoadMethodAttributes (17ms)
				AfterProcessingInitializeOnLoad (12ms)
				EditorAssembliesLoaded (0ms)
			ExecutionOrderSort2 (0ms)
			AwakeInstancesAfterBackupRestoration (9ms)
Platform modules already initialized, skipping
========================================================================
Worker process is ready to serve import requests
Launched and connected shader compiler UnityShaderCompiler.exe after 0.07 seconds
Refreshing native plugins compatible for Editor in 0.91 ms, found 3 plugins.
Preloading 0 native plugins for Editor in 0.00 ms.
Unloading 3649 Unused Serialized files (Serialized files now loaded: 0)
Unloading 28 unused Assets / (56.1 KB). Loaded Objects now: 4111.
Memory consumption went from 122.4 MB to 122.3 MB.
Total: 2.934900 ms (FindLiveObjects: 0.257100 ms CreateObjectMapping: 0.059400 ms MarkObjects: 2.544800 ms  DeleteObjects: 0.072400 ms)

AssetImportParameters requested are different than current active one (requested -> active):
  custom:video-decoder-ogg-theora: a1e56fd34408186e4bbccfd4996cb3dc -> 
  custom:container-muxer-webm: aa71ff27fc2769a1b78a27578f13a17b -> 
  custom:container-demuxer-webm: 4f35f7cbe854078d1ac9338744f61a02 -> 
  custom:video-encoder-webm-vp8: eb34c28f22e8b96e1ab97ce403110664 -> 
  custom:video-codec-MediaFoundation-h265: 746d11721c4dcdbdad8f713fa42b33f4 -> 
  custom:audio-encoder-webm-vorbis: bf7c407c2cedff20999df2af8eb42d56 -> 
  custom:framework-win-MediaFoundation: 216162199b28c13a410421893ffa2e32 -> 
  custom:container-demuxer-ogg: 62fdf1f143b41e24485cea50d1cbac27 -> 
  custom:video-decoder-webm-vp8: 9c59270c3fd7afecdb556c50c9e8de78 -> 
  custom:audio-decoder-ogg-vorbis: bf7c407c2cedff20999df2af8eb42d56 -> 
========================================================================
Received Import Request.
  Time since last request: 1034.311705 seconds.
  path: Assets/GameMain/Fonts
  artifactKey: Guid(1d7ecb029ed444b498c036cbfed748b3) Importer(815301076,1909f56bfc062723c751e8b465ee728b)
Start importing Assets/GameMain/Fonts using Guid(1d7ecb029ed444b498c036cbfed748b3) Importer(815301076,1909f56bfc062723c751e8b465ee728b)  -> (artifact id: '44281b7da6bf71ced68db8818b6d097c') in 0.006925 seconds 
========================================================================
Received Import Request.
  Time since last request: 0.000017 seconds.
  path: Assets
  artifactKey: Guid(00000000000000001000000000000000) Importer(815301076,1909f56bfc062723c751e8b465ee728b)
Start importing Assets using Guid(00000000000000001000000000000000) Importer(815301076,1909f56bfc062723c751e8b465ee728b)  -> (artifact id: '79842766b460edbeab6a34051e857a80') in 0.001185 seconds 
========================================================================
Received Import Request.
  Time since last request: 0.000012 seconds.
  path: Assets/Example
  artifactKey: Guid(e59619a19c0f4584289605025d374de7) Importer(815301076,1909f56bfc062723c751e8b465ee728b)
Start importing Assets/Example using Guid(e59619a19c0f4584289605025d374de7) Importer(815301076,1909f56bfc062723c751e8b465ee728b)  -> (artifact id: '09c9b4477cc60aa1615145f3c83872fc') in 0.001506 seconds 
========================================================================
Received Import Request.
  Time since last request: 0.000014 seconds.
  path: Assets/GameMain/Meshes
  artifactKey: Guid(8d68657bbcaf3164a9868d3041485557) Importer(815301076,1909f56bfc062723c751e8b465ee728b)
Start importing Assets/GameMain/Meshes using Guid(8d68657bbcaf3164a9868d3041485557) Importer(815301076,1909f56bfc062723c751e8b465ee728b)  -> (artifact id: '7a23787cffb518a559f950793b02f7d3') in 0.001239 seconds 
========================================================================
Received Import Request.
  Time since last request: 0.000018 seconds.
  path: Assets/GameMain/Scripts
  artifactKey: Guid(5bfe78d0636f3084cb7f43115721fb9f) Importer(815301076,1909f56bfc062723c751e8b465ee728b)
Start importing Assets/GameMain/Scripts using Guid(5bfe78d0636f3084cb7f43115721fb9f) Importer(815301076,1909f56bfc062723c751e8b465ee728b)  -> (artifact id: '0538a1d053dfdd39468ceb7734b5fac8') in 0.001570 seconds 
========================================================================
Received Import Request.
  Time since last request: 0.000013 seconds.
  path: Assets/GameMain/Localization
  artifactKey: Guid(cb66f764daca35841ac1f3b7d2d08771) Importer(815301076,1909f56bfc062723c751e8b465ee728b)
Start importing Assets/GameMain/Localization using Guid(cb66f764daca35841ac1f3b7d2d08771) Importer(815301076,1909f56bfc062723c751e8b465ee728b)  -> (artifact id: '441316ee5cb3b982450c5e85eae29bfb') in 0.001555 seconds 
========================================================================
Received Import Request.
  Time since last request: 0.000010 seconds.
  path: Assets/GameMain/Scripts/Base
  artifactKey: Guid(edd16bf2e418bec43bc774c7fc6c60d6) Importer(815301076,1909f56bfc062723c751e8b465ee728b)
Start importing Assets/GameMain/Scripts/Base using Guid(edd16bf2e418bec43bc774c7fc6c60d6) Importer(815301076,1909f56bfc062723c751e8b465ee728b)  -> (artifact id: 'adf630e9d81930f3a8e873013edd3c63') in 0.001536 seconds 
========================================================================
Received Import Request.
  Time since last request: 0.000012 seconds.
  path: Assets/GameMain/Configs
  artifactKey: Guid(59a2d1790cd025a4c97ea4ec1411df76) Importer(815301076,1909f56bfc062723c751e8b465ee728b)
Start importing Assets/GameMain/Configs using Guid(59a2d1790cd025a4c97ea4ec1411df76) Importer(815301076,1909f56bfc062723c751e8b465ee728b)  -> (artifact id: '477bbfb0a7a535acce438070cd53fe96') in 0.001414 seconds 
========================================================================
Received Import Request.
  Time since last request: 0.000012 seconds.
  path: Assets/GameMain/Scenes
  artifactKey: Guid(8aa04725784d110458eddfb0f7fed5dc) Importer(815301076,1909f56bfc062723c751e8b465ee728b)
Start importing Assets/GameMain/Scenes using Guid(8aa04725784d110458eddfb0f7fed5dc) Importer(815301076,1909f56bfc062723c751e8b465ee728b)  -> (artifact id: 'ec8989bc01fa45061600d8e4009f5ff6') in 0.001419 seconds 
========================================================================
Received Import Request.
  Time since last request: 0.000011 seconds.
  path: Assets/GameMain/Materials
  artifactKey: Guid(cbbffe476d7482a40a31a236538e23b9) Importer(815301076,1909f56bfc062723c751e8b465ee728b)
Start importing Assets/GameMain/Materials using Guid(cbbffe476d7482a40a31a236538e23b9) Importer(815301076,1909f56bfc062723c751e8b465ee728b)  -> (artifact id: '18e49a66f6c181f9cc7c5c7db66727ca') in 0.001341 seconds 
========================================================================
Received Import Request.
  Time since last request: 0.000014 seconds.
  path: Assets/GameMain/Libraries
  artifactKey: Guid(2f39abb09804d544a930187b4dc00e2b) Importer(815301076,1909f56bfc062723c751e8b465ee728b)
Start importing Assets/GameMain/Libraries using Guid(2f39abb09804d544a930187b4dc00e2b) Importer(815301076,1909f56bfc062723c751e8b465ee728b)  -> (artifact id: '6f0f7490c3b81dd018d71dbbf103f678') in 0.001339 seconds 
========================================================================
Received Import Request.
  Time since last request: 0.000014 seconds.
  path: Assets/GameFramework
  artifactKey: Guid(a799dfe0693edf4468717dc3b3e3e30e) Importer(815301076,1909f56bfc062723c751e8b465ee728b)
Start importing Assets/GameFramework using Guid(a799dfe0693edf4468717dc3b3e3e30e) Importer(815301076,1909f56bfc062723c751e8b465ee728b)  -> (artifact id: '701d3253e57d204ec9b78073aa49021e') in 0.001512 seconds 
========================================================================
Received Import Request.
  Time since last request: 0.000017 seconds.
  path: Assets/GameMain
  artifactKey: Guid(db45535d062257049927cea5e857962f) Importer(815301076,1909f56bfc062723c751e8b465ee728b)
Start importing Assets/GameMain using Guid(db45535d062257049927cea5e857962f) Importer(815301076,1909f56bfc062723c751e8b465ee728b)  -> (artifact id: 'e2c916430872267258fbef4d019820a0') in 0.001520 seconds 
========================================================================
Received Import Request.
  Time since last request: 0.000011 seconds.
  path: Assets/GameMain/Music
  artifactKey: Guid(984d61fd85771c24d866338058d9947a) Importer(815301076,1909f56bfc062723c751e8b465ee728b)
Start importing Assets/GameMain/Music using Guid(984d61fd85771c24d866338058d9947a) Importer(815301076,1909f56bfc062723c751e8b465ee728b)  -> (artifact id: '6eeda540fdb6898f50eb1d9adbb89b37') in 0.001827 seconds 
========================================================================
Received Import Request.
  Time since last request: 0.000015 seconds.
  path: Assets/GameMain/DataTables
  artifactKey: Guid(e26a71e8fdced3541a5c691a5d8da0e7) Importer(815301076,1909f56bfc062723c751e8b465ee728b)
Start importing Assets/GameMain/DataTables using Guid(e26a71e8fdced3541a5c691a5d8da0e7) Importer(815301076,1909f56bfc062723c751e8b465ee728b)  -> (artifact id: 'e169f3522d46eb9a2e68afd34be974b5') in 0.001387 seconds 
========================================================================
Received Import Request.
  Time since last request: 0.000013 seconds.
  path: Assets/GameMain/Entities
  artifactKey: Guid(50bb427da72e6164c995404fac1a139c) Importer(815301076,1909f56bfc062723c751e8b465ee728b)
Start importing Assets/GameMain/Entities using Guid(50bb427da72e6164c995404fac1a139c) Importer(815301076,1909f56bfc062723c751e8b465ee728b)  -> (artifact id: '7e9d98e26e1d97a72db0b3a4d333f4be') in 0.001475 seconds 
